Liip\ImagineBundle\DependencyInjection\Compiler\LoadersCompilerPass: [liip/imagine-bundle] Registered binary loader: liip_imagine.binary.loader.default
Liip\ImagineBundle\DependencyInjection\Compiler\FiltersCompilerPass: [liip/imagine-bundle] Registered filter loader: liip_imagine.filter.loader.relative_resize
Liip\ImagineBundle\DependencyInjection\Compiler\FiltersCompilerPass: [liip/imagine-bundle] Registered filter loader: liip_imagine.filter.loader.resize
Liip\ImagineBundle\DependencyInjection\Compiler\FiltersCompilerPass: [liip/imagine-bundle] Registered filter loader: liip_imagine.filter.loader.thumbnail
Liip\ImagineBundle\DependencyInjection\Compiler\FiltersCompilerPass: [liip/imagine-bundle] Registered filter loader: liip_imagine.filter.loader.crop
Liip\ImagineBundle\DependencyInjection\Compiler\FiltersCompilerPass: [liip/imagine-bundle] Registered filter loader: liip_imagine.filter.loader.grayscale
Liip\ImagineBundle\DependencyInjection\Compiler\FiltersCompilerPass: [liip/imagine-bundle] Registered filter loader: liip_imagine.filter.loader.paste_image
Liip\ImagineBundle\DependencyInjection\Compiler\FiltersCompilerPass: [liip/imagine-bundle] Registered filter loader: liip_imagine.filter.loader.watermark_image
Liip\ImagineBundle\DependencyInjection\Compiler\FiltersCompilerPass: [liip/imagine-bundle] Registered filter loader: liip_imagine.filter.loader.background
Liip\ImagineBundle\DependencyInjection\Compiler\FiltersCompilerPass: [liip/imagine-bundle] Registered filter loader: liip_imagine.filter.loader.strip
Liip\ImagineBundle\DependencyInjection\Compiler\FiltersCompilerPass: [liip/imagine-bundle] Registered filter loader: liip_imagine.filter.loader.scale
Liip\ImagineBundle\DependencyInjection\Compiler\FiltersCompilerPass: [liip/imagine-bundle] Registered filter loader: liip_imagine.filter.loader.upscale
Liip\ImagineBundle\DependencyInjection\Compiler\FiltersCompilerPass: [liip/imagine-bundle] Registered filter loader: liip_imagine.filter.loader.downscale
Liip\ImagineBundle\DependencyInjection\Compiler\FiltersCompilerPass: [liip/imagine-bundle] Registered filter loader: liip_imagine.filter.loader.auto_rotate
Liip\ImagineBundle\DependencyInjection\Compiler\FiltersCompilerPass: [liip/imagine-bundle] Registered filter loader: liip_imagine.filter.loader.rotate
Liip\ImagineBundle\DependencyInjection\Compiler\FiltersCompilerPass: [liip/imagine-bundle] Registered filter loader: liip_imagine.filter.loader.flip
Liip\ImagineBundle\DependencyInjection\Compiler\FiltersCompilerPass: [liip/imagine-bundle] Registered filter loader: liip_imagine.filter.loader.interlace
Liip\ImagineBundle\DependencyInjection\Compiler\FiltersCompilerPass: [liip/imagine-bundle] Registered filter loader: liip_imagine.filter.loader.resample
Liip\ImagineBundle\DependencyInjection\Compiler\FiltersCompilerPass: [liip/imagine-bundle] Registered filter loader: liip_imagine.filter.loader.fixed
Liip\ImagineBundle\DependencyInjection\Compiler\PostProcessorsCompilerPass: [liip/imagine-bundle] Registered filter post-processor: liip_imagine.filter.post_processor.jpegoptim
Liip\ImagineBundle\DependencyInjection\Compiler\PostProcessorsCompilerPass: [liip/imagine-bundle] Registered filter post-processor: liip_imagine.filter.post_processor.optipng
Liip\ImagineBundle\DependencyInjection\Compiler\PostProcessorsCompilerPass: [liip/imagine-bundle] Registered filter post-processor: liip_imagine.filter.post_processor.pngquant
Liip\ImagineBundle\DependencyInjection\Compiler\PostProcessorsCompilerPass: [liip/imagine-bundle] Registered filter post-processor: liip_imagine.filter.post_processor.mozjpeg
Liip\ImagineBundle\DependencyInjection\Compiler\PostProcessorsCompilerPass: [liip/imagine-bundle] Registered filter post-processor: liip_imagine.filter.post_processor.cwebp
Liip\ImagineBundle\DependencyInjection\Compiler\ResolversCompilerPass: [liip/imagine-bundle] Registered cache resolver: liip_imagine.cache.resolver.default
Liip\ImagineBundle\DependencyInjection\Compiler\ResolversCompilerPass: [liip/imagine-bundle] Registered cache resolver: liip_imagine.cache.resolver.no_cache_web_path
Liip\ImagineBundle\DependencyInjection\Compiler\MaybeSetMimeServicesAsAliasesCompilerPass: [liip/imagine-bundle] Replaced the "liip_imagine.mime_type_guesser" and "liip_imagine.extension_guesser" service definitions with aliases to "mime_types"
Symfony\Component\DependencyInjection\Compiler\ResolveChildDefinitionsPass: Resolving inheritance for ".instanceof.Symfony\Component\EventDispatcher\EventSubscriberInterface.0.App\EventListener\LocaleListener" (parent: .abstract.instanceof.App\EventListener\LocaleListener).
Symfony\Component\DependencyInjection\Compiler\ResolveChildDefinitionsPass: Resolving inheritance for "App\EventListener\LocaleListener" (parent: .instanceof.Symfony\Component\EventDispatcher\EventSubscriberInterface.0.App\EventListener\LocaleListener).
Symfony\Component\DependencyInjection\Compiler\ResolveChildDefinitionsPass: Resolving inheritance for ".instanceof.Symfony\Contracts\Service\ServiceSubscriberInterface.0.App\Controller\LanguageController" (parent: .abstract.instanceof.App\Controller\LanguageController).
Symfony\Component\DependencyInjection\Compiler\ResolveChildDefinitionsPass: Resolving inheritance for ".instanceof.Symfony\Bundle\FrameworkBundle\Controller\AbstractController.0.App\Controller\LanguageController" (parent: .instanceof.Symfony\Contracts\Service\ServiceSubscriberInterface.0.App\Controller\LanguageController).
Symfony\Component\DependencyInjection\Compiler\ResolveChildDefinitionsPass: Resolving inheritance for "App\Controller\LanguageController" (parent: .instanceof.Symfony\Bundle\FrameworkBundle\Controller\AbstractController.0.App\Controller\LanguageController).
Symfony\Component\DependencyInjection\Compiler\ResolveChildDefinitionsPass: Resolving inheritance for ".instanceof.Symfony\Contracts\Service\ServiceSubscriberInterface.0.App\Controller\AdminController" (parent: .abstract.instanceof.App\Controller\AdminController).
Symfony\Component\DependencyInjection\Compiler\ResolveChildDefinitionsPass: Resolving inheritance for ".instanceof.Symfony\Bundle\FrameworkBundle\Controller\AbstractController.0.App\Controller\AdminController" (parent: .instanceof.Symfony\Contracts\Service\ServiceSubscriberInterface.0.App\Controller\AdminController).
Symfony\Component\DependencyInjection\Compiler\ResolveChildDefinitionsPass: Resolving inheritance for "App\Controller\AdminController" (parent: .instanceof.Symfony\Bundle\FrameworkBundle\Controller\AbstractController.0.App\Controller\AdminController).
Symfony\Component\DependencyInjection\Compiler\ResolveChildDefinitionsPass: Resolving inheritance for ".instanceof.Symfony\Contracts\Service\ServiceSubscriberInterface.0.App\Controller\CategorieController" (parent: .abstract.instanceof.App\Controller\CategorieController).
Symfony\Component\DependencyInjection\Compiler\ResolveChildDefinitionsPass: Resolving inheritance for ".instanceof.Symfony\Bundle\FrameworkBundle\Controller\AbstractController.0.App\Controller\CategorieController" (parent: .instanceof.Symfony\Contracts\Service\ServiceSubscriberInterface.0.App\Controller\CategorieController).
Symfony\Component\DependencyInjection\Compiler\ResolveChildDefinitionsPass: Resolving inheritance for "App\Controller\CategorieController" (parent: .instanceof.Symfony\Bundle\FrameworkBundle\Controller\AbstractController.0.App\Controller\CategorieController).
Symfony\Component\DependencyInjection\Compiler\ResolveChildDefinitionsPass: Resolving inheritance for ".instanceof.Symfony\Contracts\Service\ServiceSubscriberInterface.0.App\Controller\CommandeController" (parent: .abstract.instanceof.App\Controller\CommandeController).
Symfony\Component\DependencyInjection\Compiler\ResolveChildDefinitionsPass: Resolving inheritance for ".instanceof.Symfony\Bundle\FrameworkBundle\Controller\AbstractController.0.App\Controller\CommandeController" (parent: .instanceof.Symfony\Contracts\Service\ServiceSubscriberInterface.0.App\Controller\CommandeController).
Symfony\Component\DependencyInjection\Compiler\ResolveChildDefinitionsPass: Resolving inheritance for "App\Controller\CommandeController" (parent: .instanceof.Symfony\Bundle\FrameworkBundle\Controller\AbstractController.0.App\Controller\CommandeController).
Symfony\Component\DependencyInjection\Compiler\ResolveChildDefinitionsPass: Resolving inheritance for ".instanceof.Symfony\Contracts\Service\ServiceSubscriberInterface.0.App\Controller\ContratController" (parent: .abstract.instanceof.App\Controller\ContratController).
Symfony\Component\DependencyInjection\Compiler\ResolveChildDefinitionsPass: Resolving inheritance for ".instanceof.Symfony\Bundle\FrameworkBundle\Controller\AbstractController.0.App\Controller\ContratController" (parent: .instanceof.Symfony\Contracts\Service\ServiceSubscriberInterface.0.App\Controller\ContratController).
Symfony\Component\DependencyInjection\Compiler\ResolveChildDefinitionsPass: Resolving inheritance for "App\Controller\ContratController" (parent: .instanceof.Symfony\Bundle\FrameworkBundle\Controller\AbstractController.0.App\Controller\ContratController).
Symfony\Component\DependencyInjection\Compiler\ResolveChildDefinitionsPass: Resolving inheritance for ".instanceof.Symfony\Contracts\Service\ServiceSubscriberInterface.0.App\Controller\EmployeController" (parent: .abstract.instanceof.App\Controller\EmployeController).
Symfony\Component\DependencyInjection\Compiler\ResolveChildDefinitionsPass: Resolving inheritance for ".instanceof.Symfony\Bundle\FrameworkBundle\Controller\AbstractController.0.App\Controller\EmployeController" (parent: .instanceof.Symfony\Contracts\Service\ServiceSubscriberInterface.0.App\Controller\EmployeController).
Symfony\Component\DependencyInjection\Compiler\ResolveChildDefinitionsPass: Resolving inheritance for "App\Controller\EmployeController" (parent: .instanceof.Symfony\Bundle\FrameworkBundle\Controller\AbstractController.0.App\Controller\EmployeController).
Symfony\Component\DependencyInjection\Compiler\ResolveChildDefinitionsPass: Resolving inheritance for ".instanceof.Symfony\Contracts\Service\ServiceSubscriberInterface.0.App\Controller\LivraisonController" (parent: .abstract.instanceof.App\Controller\LivraisonController).
Symfony\Component\DependencyInjection\Compiler\ResolveChildDefinitionsPass: Resolving inheritance for ".instanceof.Symfony\Bundle\FrameworkBundle\Controller\AbstractController.0.App\Controller\LivraisonController" (parent: .instanceof.Symfony\Contracts\Service\ServiceSubscriberInterface.0.App\Controller\LivraisonController).
Symfony\Component\DependencyInjection\Compiler\ResolveChildDefinitionsPass: Resolving inheritance for "App\Controller\LivraisonController" (parent: .instanceof.Symfony\Bundle\FrameworkBundle\Controller\AbstractController.0.App\Controller\LivraisonController).
Symfony\Component\DependencyInjection\Compiler\ResolveChildDefinitionsPass: Resolving inheritance for ".instanceof.Symfony\Contracts\Service\ServiceSubscriberInterface.0.App\Controller\MaterielController" (parent: .abstract.instanceof.App\Controller\MaterielController).
Symfony\Component\DependencyInjection\Compiler\ResolveChildDefinitionsPass: Resolving inheritance for ".instanceof.Symfony\Bundle\FrameworkBundle\Controller\AbstractController.0.App\Controller\MaterielController" (parent: .instanceof.Symfony\Contracts\Service\ServiceSubscriberInterface.0.App\Controller\MaterielController).
Symfony\Component\DependencyInjection\Compiler\ResolveChildDefinitionsPass: Resolving inheritance for "App\Controller\MaterielController" (parent: .instanceof.Symfony\Bundle\FrameworkBundle\Controller\AbstractController.0.App\Controller\MaterielController).
Symfony\Component\DependencyInjection\Compiler\ResolveChildDefinitionsPass: Resolving inheritance for ".instanceof.Symfony\Contracts\Service\ServiceSubscriberInterface.0.App\Controller\MateriellocationController" (parent: .abstract.instanceof.App\Controller\MateriellocationController).
Symfony\Component\DependencyInjection\Compiler\ResolveChildDefinitionsPass: Resolving inheritance for ".instanceof.Symfony\Bundle\FrameworkBundle\Controller\AbstractController.0.App\Controller\MateriellocationController" (parent: .instanceof.Symfony\Contracts\Service\ServiceSubscriberInterface.0.App\Controller\MateriellocationController).
Symfony\Component\DependencyInjection\Compiler\ResolveChildDefinitionsPass: Resolving inheritance for "App\Controller\MateriellocationController" (parent: .instanceof.Symfony\Bundle\FrameworkBundle\Controller\AbstractController.0.App\Controller\MateriellocationController).
Symfony\Component\DependencyInjection\Compiler\ResolveChildDefinitionsPass: Resolving inheritance for ".instanceof.Symfony\Contracts\Service\ServiceSubscriberInterface.0.App\Controller\MaterielventeController" (parent: .abstract.instanceof.App\Controller\MaterielventeController).
Symfony\Component\DependencyInjection\Compiler\ResolveChildDefinitionsPass: Resolving inheritance for ".instanceof.Symfony\Bundle\FrameworkBundle\Controller\AbstractController.0.App\Controller\MaterielventeController" (parent: .instanceof.Symfony\Contracts\Service\ServiceSubscriberInterface.0.App\Controller\MaterielventeController).
Symfony\Component\DependencyInjection\Compiler\ResolveChildDefinitionsPass: Resolving inheritance for "App\Controller\MaterielventeController" (parent: .instanceof.Symfony\Bundle\FrameworkBundle\Controller\AbstractController.0.App\Controller\MaterielventeController).
Symfony\Component\DependencyInjection\Compiler\ResolveChildDefinitionsPass: Resolving inheritance for ".instanceof.Symfony\Contracts\Service\ServiceSubscriberInterface.0.App\Controller\OffreController" (parent: .abstract.instanceof.App\Controller\OffreController).
Symfony\Component\DependencyInjection\Compiler\ResolveChildDefinitionsPass: Resolving inheritance for ".instanceof.Symfony\Bundle\FrameworkBundle\Controller\AbstractController.0.App\Controller\OffreController" (parent: .instanceof.Symfony\Contracts\Service\ServiceSubscriberInterface.0.App\Controller\OffreController).
Symfony\Component\DependencyInjection\Compiler\ResolveChildDefinitionsPass: Resolving inheritance for "App\Controller\OffreController" (parent: .instanceof.Symfony\Bundle\FrameworkBundle\Controller\AbstractController.0.App\Controller\OffreController).
Symfony\Component\DependencyInjection\Compiler\ResolveChildDefinitionsPass: Resolving inheritance for ".instanceof.Symfony\Contracts\Service\ServiceSubscriberInterface.0.App\Controller\PageController" (parent: .abstract.instanceof.App\Controller\PageController).
Symfony\Component\DependencyInjection\Compiler\ResolveChildDefinitionsPass: Resolving inheritance for ".instanceof.Symfony\Bundle\FrameworkBundle\Controller\AbstractController.0.App\Controller\PageController" (parent: .instanceof.Symfony\Contracts\Service\ServiceSubscriberInterface.0.App\Controller\PageController).
Symfony\Component\DependencyInjection\Compiler\ResolveChildDefinitionsPass: Resolving inheritance for "App\Controller\PageController" (parent: .instanceof.Symfony\Bundle\FrameworkBundle\Controller\AbstractController.0.App\Controller\PageController).
Symfony\Component\DependencyInjection\Compiler\ResolveChildDefinitionsPass: Resolving inheritance for ".instanceof.Symfony\Contracts\Service\ServiceSubscriberInterface.0.App\Controller\PaiementController" (parent: .abstract.instanceof.App\Controller\PaiementController).
Symfony\Component\DependencyInjection\Compiler\ResolveChildDefinitionsPass: Resolving inheritance for ".instanceof.Symfony\Bundle\FrameworkBundle\Controller\AbstractController.0.App\Controller\PaiementController" (parent: .instanceof.Symfony\Contracts\Service\ServiceSubscriberInterface.0.App\Controller\PaiementController).
Symfony\Component\DependencyInjection\Compiler\ResolveChildDefinitionsPass: Resolving inheritance for "App\Controller\PaiementController" (parent: .instanceof.Symfony\Bundle\FrameworkBundle\Controller\AbstractController.0.App\Controller\PaiementController).
Symfony\Component\DependencyInjection\Compiler\ResolveChildDefinitionsPass: Resolving inheritance for ".instanceof.Symfony\Contracts\Service\ServiceSubscriberInterface.0.App\Controller\PanierController" (parent: .abstract.instanceof.App\Controller\PanierController).
Symfony\Component\DependencyInjection\Compiler\ResolveChildDefinitionsPass: Resolving inheritance for ".instanceof.Symfony\Bundle\FrameworkBundle\Controller\AbstractController.0.App\Controller\PanierController" (parent: .instanceof.Symfony\Contracts\Service\ServiceSubscriberInterface.0.App\Controller\PanierController).
Symfony\Component\DependencyInjection\Compiler\ResolveChildDefinitionsPass: Resolving inheritance for "App\Controller\PanierController" (parent: .instanceof.Symfony\Bundle\FrameworkBundle\Controller\AbstractController.0.App\Controller\PanierController).
Symfony\Component\DependencyInjection\Compiler\ResolveChildDefinitionsPass: Resolving inheritance for ".instanceof.Symfony\Contracts\Service\ServiceSubscriberInterface.0.App\Controller\ParcelleProprietesController" (parent: .abstract.instanceof.App\Controller\ParcelleProprietesController).
Symfony\Component\DependencyInjection\Compiler\ResolveChildDefinitionsPass: Resolving inheritance for ".instanceof.Symfony\Bundle\FrameworkBundle\Controller\AbstractController.0.App\Controller\ParcelleProprietesController" (parent: .instanceof.Symfony\Contracts\Service\ServiceSubscriberInterface.0.App\Controller\ParcelleProprietesController).
Symfony\Component\DependencyInjection\Compiler\ResolveChildDefinitionsPass: Resolving inheritance for "App\Controller\ParcelleProprietesController" (parent: .instanceof.Symfony\Bundle\FrameworkBundle\Controller\AbstractController.0.App\Controller\ParcelleProprietesController).
Symfony\Component\DependencyInjection\Compiler\ResolveChildDefinitionsPass: Resolving inheritance for ".instanceof.Symfony\Contracts\Service\ServiceSubscriberInterface.0.App\Controller\ProfileController" (parent: .abstract.instanceof.App\Controller\ProfileController).
Symfony\Component\DependencyInjection\Compiler\ResolveChildDefinitionsPass: Resolving inheritance for ".instanceof.Symfony\Bundle\FrameworkBundle\Controller\AbstractController.0.App\Controller\ProfileController" (parent: .instanceof.Symfony\Contracts\Service\ServiceSubscriberInterface.0.App\Controller\ProfileController).
Symfony\Component\DependencyInjection\Compiler\ResolveChildDefinitionsPass: Resolving inheritance for "App\Controller\ProfileController" (parent: .instanceof.Symfony\Bundle\FrameworkBundle\Controller\AbstractController.0.App\Controller\ProfileController).
Symfony\Component\DependencyInjection\Compiler\ResolveChildDefinitionsPass: Resolving inheritance for ".instanceof.Symfony\Contracts\Service\ServiceSubscriberInterface.0.App\Controller\RegistrationController" (parent: .abstract.instanceof.App\Controller\RegistrationController).
Symfony\Component\DependencyInjection\Compiler\ResolveChildDefinitionsPass: Resolving inheritance for ".instanceof.Symfony\Bundle\FrameworkBundle\Controller\AbstractController.0.App\Controller\RegistrationController" (parent: .instanceof.Symfony\Contracts\Service\ServiceSubscriberInterface.0.App\Controller\RegistrationController).
Symfony\Component\DependencyInjection\Compiler\ResolveChildDefinitionsPass: Resolving inheritance for "App\Controller\RegistrationController" (parent: .instanceof.Symfony\Bundle\FrameworkBundle\Controller\AbstractController.0.App\Controller\RegistrationController).
Symfony\Component\DependencyInjection\Compiler\ResolveChildDefinitionsPass: Resolving inheritance for ".instanceof.Symfony\Contracts\Service\ServiceSubscriberInterface.0.App\Controller\ResetPasswordController" (parent: .abstract.instanceof.App\Controller\ResetPasswordController).
Symfony\Component\DependencyInjection\Compiler\ResolveChildDefinitionsPass: Resolving inheritance for ".instanceof.Symfony\Bundle\FrameworkBundle\Controller\AbstractController.0.App\Controller\ResetPasswordController" (parent: .instanceof.Symfony\Contracts\Service\ServiceSubscriberInterface.0.App\Controller\ResetPasswordController).
Symfony\Component\DependencyInjection\Compiler\ResolveChildDefinitionsPass: Resolving inheritance for "App\Controller\ResetPasswordController" (parent: .instanceof.Symfony\Bundle\FrameworkBundle\Controller\AbstractController.0.App\Controller\ResetPasswordController).
Symfony\Component\DependencyInjection\Compiler\ResolveChildDefinitionsPass: Resolving inheritance for ".instanceof.Symfony\Contracts\Service\ServiceSubscriberInterface.0.App\Controller\SecurityController" (parent: .abstract.instanceof.App\Controller\SecurityController).
Symfony\Component\DependencyInjection\Compiler\ResolveChildDefinitionsPass: Resolving inheritance for ".instanceof.Symfony\Bundle\FrameworkBundle\Controller\AbstractController.0.App\Controller\SecurityController" (parent: .instanceof.Symfony\Contracts\Service\ServiceSubscriberInterface.0.App\Controller\SecurityController).
Symfony\Component\DependencyInjection\Compiler\ResolveChildDefinitionsPass: Resolving inheritance for "App\Controller\SecurityController" (parent: .instanceof.Symfony\Bundle\FrameworkBundle\Controller\AbstractController.0.App\Controller\SecurityController).
Symfony\Component\DependencyInjection\Compiler\ResolveChildDefinitionsPass: Resolving inheritance for ".instanceof.Symfony\Component\EventDispatcher\EventSubscriberInterface.0.App\EventListener\LogoutListener" (parent: .abstract.instanceof.App\EventListener\LogoutListener).
Symfony\Component\DependencyInjection\Compiler\ResolveChildDefinitionsPass: Resolving inheritance for "App\EventListener\LogoutListener" (parent: .instanceof.Symfony\Component\EventDispatcher\EventSubscriberInterface.0.App\EventListener\LogoutListener).
Symfony\Component\DependencyInjection\Compiler\ResolveChildDefinitionsPass: Resolving inheritance for ".instanceof.Symfony\Component\EventDispatcher\EventSubscriberInterface.0.App\EventSubscriber\LoginSubscriber" (parent: .abstract.instanceof.App\EventSubscriber\LoginSubscriber).
Symfony\Component\DependencyInjection\Compiler\ResolveChildDefinitionsPass: Resolving inheritance for "App\EventSubscriber\LoginSubscriber" (parent: .instanceof.Symfony\Component\EventDispatcher\EventSubscriberInterface.0.App\EventSubscriber\LoginSubscriber).
Symfony\Component\DependencyInjection\Compiler\ResolveChildDefinitionsPass: Resolving inheritance for ".instanceof.Symfony\Component\Form\FormTypeInterface.0.App\Form\ChangePasswordFormType" (parent: .abstract.instanceof.App\Form\ChangePasswordFormType).
Symfony\Component\DependencyInjection\Compiler\ResolveChildDefinitionsPass: Resolving inheritance for "App\Form\ChangePasswordFormType" (parent: .instanceof.Symfony\Component\Form\FormTypeInterface.0.App\Form\ChangePasswordFormType).
Symfony\Component\DependencyInjection\Compiler\ResolveChildDefinitionsPass: Resolving inheritance for ".instanceof.Symfony\Component\Form\FormTypeInterface.0.App\Form\CommandeType" (parent: .abstract.instanceof.App\Form\CommandeType).
Symfony\Component\DependencyInjection\Compiler\ResolveChildDefinitionsPass: Resolving inheritance for "App\Form\CommandeType" (parent: .instanceof.Symfony\Component\Form\FormTypeInterface.0.App\Form\CommandeType).
Symfony\Component\DependencyInjection\Compiler\ResolveChildDefinitionsPass: Resolving inheritance for ".instanceof.Symfony\Component\Form\FormTypeInterface.0.App\Form\ContratType" (parent: .abstract.instanceof.App\Form\ContratType).
Symfony\Component\DependencyInjection\Compiler\ResolveChildDefinitionsPass: Resolving inheritance for "App\Form\ContratType" (parent: .instanceof.Symfony\Component\Form\FormTypeInterface.0.App\Form\ContratType).
Symfony\Component\DependencyInjection\Compiler\ResolveChildDefinitionsPass: Resolving inheritance for ".instanceof.Symfony\Component\Form\FormTypeInterface.0.App\Form\EmployeType" (parent: .abstract.instanceof.App\Form\EmployeType).
Symfony\Component\DependencyInjection\Compiler\ResolveChildDefinitionsPass: Resolving inheritance for "App\Form\EmployeType" (parent: .instanceof.Symfony\Component\Form\FormTypeInterface.0.App\Form\EmployeType).
Symfony\Component\DependencyInjection\Compiler\ResolveChildDefinitionsPass: Resolving inheritance for ".instanceof.Symfony\Component\Form\FormTypeInterface.0.App\Form\LivraisonType" (parent: .abstract.instanceof.App\Form\LivraisonType).
Symfony\Component\DependencyInjection\Compiler\ResolveChildDefinitionsPass: Resolving inheritance for "App\Form\LivraisonType" (parent: .instanceof.Symfony\Component\Form\FormTypeInterface.0.App\Form\LivraisonType).
Symfony\Component\DependencyInjection\Compiler\ResolveChildDefinitionsPass: Resolving inheritance for ".instanceof.Symfony\Component\Form\FormTypeInterface.0.App\Form\MateriellocationType" (parent: .abstract.instanceof.App\Form\MateriellocationType).
Symfony\Component\DependencyInjection\Compiler\ResolveChildDefinitionsPass: Resolving inheritance for "App\Form\MateriellocationType" (parent: .instanceof.Symfony\Component\Form\FormTypeInterface.0.App\Form\MateriellocationType).
Symfony\Component\DependencyInjection\Compiler\ResolveChildDefinitionsPass: Resolving inheritance for ".instanceof.Symfony\Component\Form\FormTypeInterface.0.App\Form\Materielvente1Type" (parent: .abstract.instanceof.App\Form\Materielvente1Type).
Symfony\Component\DependencyInjection\Compiler\ResolveChildDefinitionsPass: Resolving inheritance for "App\Form\Materielvente1Type" (parent: .instanceof.Symfony\Component\Form\FormTypeInterface.0.App\Form\Materielvente1Type).
Symfony\Component\DependencyInjection\Compiler\ResolveChildDefinitionsPass: Resolving inheritance for ".instanceof.Symfony\Component\Form\FormTypeInterface.0.App\Form\Materielvente2Type" (parent: .abstract.instanceof.App\Form\Materielvente2Type).
Symfony\Component\DependencyInjection\Compiler\ResolveChildDefinitionsPass: Resolving inheritance for "App\Form\Materielvente2Type" (parent: .instanceof.Symfony\Component\Form\FormTypeInterface.0.App\Form\Materielvente2Type).
Symfony\Component\DependencyInjection\Compiler\ResolveChildDefinitionsPass: Resolving inheritance for ".instanceof.Symfony\Component\Form\FormTypeInterface.0.App\Form\MaterielventeType" (parent: .abstract.instanceof.App\Form\MaterielventeType).
Symfony\Component\DependencyInjection\Compiler\ResolveChildDefinitionsPass: Resolving inheritance for "App\Form\MaterielventeType" (parent: .instanceof.Symfony\Component\Form\FormTypeInterface.0.App\Form\MaterielventeType).
Symfony\Component\DependencyInjection\Compiler\ResolveChildDefinitionsPass: Resolving inheritance for ".instanceof.Symfony\Component\Form\FormTypeInterface.0.App\Form\OffreType" (parent: .abstract.instanceof.App\Form\OffreType).
Symfony\Component\DependencyInjection\Compiler\ResolveChildDefinitionsPass: Resolving inheritance for "App\Form\OffreType" (parent: .instanceof.Symfony\Component\Form\FormTypeInterface.0.App\Form\OffreType).
Symfony\Component\DependencyInjection\Compiler\ResolveChildDefinitionsPass: Resolving inheritance for ".instanceof.Symfony\Component\Form\FormTypeInterface.0.App\Form\OrderType" (parent: .abstract.instanceof.App\Form\OrderType).
Symfony\Component\DependencyInjection\Compiler\ResolveChildDefinitionsPass: Resolving inheritance for "App\Form\OrderType" (parent: .instanceof.Symfony\Component\Form\FormTypeInterface.0.App\Form\OrderType).
Symfony\Component\DependencyInjection\Compiler\ResolveChildDefinitionsPass: Resolving inheritance for ".instanceof.Symfony\Component\Form\FormTypeInterface.0.App\Form\PaiementType" (parent: .abstract.instanceof.App\Form\PaiementType).
Symfony\Component\DependencyInjection\Compiler\ResolveChildDefinitionsPass: Resolving inheritance for "App\Form\PaiementType" (parent: .instanceof.Symfony\Component\Form\FormTypeInterface.0.App\Form\PaiementType).
Symfony\Component\DependencyInjection\Compiler\ResolveChildDefinitionsPass: Resolving inheritance for ".instanceof.Symfony\Component\Form\FormTypeInterface.0.App\Form\ParcelleProprietesType" (parent: .abstract.instanceof.App\Form\ParcelleProprietesType).
Symfony\Component\DependencyInjection\Compiler\ResolveChildDefinitionsPass: Resolving inheritance for "App\Form\ParcelleProprietesType" (parent: .instanceof.Symfony\Component\Form\FormTypeInterface.0.App\Form\ParcelleProprietesType).
Symfony\Component\DependencyInjection\Compiler\ResolveChildDefinitionsPass: Resolving inheritance for ".instanceof.Symfony\Component\Form\FormTypeInterface.0.App\Form\ProductType" (parent: .abstract.instanceof.App\Form\ProductType).
Symfony\Component\DependencyInjection\Compiler\ResolveChildDefinitionsPass: Resolving inheritance for "App\Form\ProductType" (parent: .instanceof.Symfony\Component\Form\FormTypeInterface.0.App\Form\ProductType).
Symfony\Component\DependencyInjection\Compiler\ResolveChildDefinitionsPass: Resolving inheritance for ".instanceof.Symfony\Component\Form\FormTypeInterface.0.App\Form\ProductTypeType" (parent: .abstract.instanceof.App\Form\ProductTypeType).
Symfony\Component\DependencyInjection\Compiler\ResolveChildDefinitionsPass: Resolving inheritance for "App\Form\ProductTypeType" (parent: .instanceof.Symfony\Component\Form\FormTypeInterface.0.App\Form\ProductTypeType).
Symfony\Component\DependencyInjection\Compiler\ResolveChildDefinitionsPass: Resolving inheritance for ".instanceof.Symfony\Component\Form\FormTypeInterface.0.App\Form\ProfileType" (parent: .abstract.instanceof.App\Form\ProfileType).
Symfony\Component\DependencyInjection\Compiler\ResolveChildDefinitionsPass: Resolving inheritance for "App\Form\ProfileType" (parent: .instanceof.Symfony\Component\Form\FormTypeInterface.0.App\Form\ProfileType).
Symfony\Component\DependencyInjection\Compiler\ResolveChildDefinitionsPass: Resolving inheritance for ".instanceof.Symfony\Component\Form\FormTypeInterface.0.App\Form\RegistrationFormType" (parent: .abstract.instanceof.App\Form\RegistrationFormType).
Symfony\Component\DependencyInjection\Compiler\ResolveChildDefinitionsPass: Resolving inheritance for "App\Form\RegistrationFormType" (parent: .instanceof.Symfony\Component\Form\FormTypeInterface.0.App\Form\RegistrationFormType).
Symfony\Component\DependencyInjection\Compiler\ResolveChildDefinitionsPass: Resolving inheritance for ".instanceof.Symfony\Component\Form\FormTypeInterface.0.App\Form\ResetPasswordRequestFormType" (parent: .abstract.instanceof.App\Form\ResetPasswordRequestFormType).
Symfony\Component\DependencyInjection\Compiler\ResolveChildDefinitionsPass: Resolving inheritance for "App\Form\ResetPasswordRequestFormType" (parent: .instanceof.Symfony\Component\Form\FormTypeInterface.0.App\Form\ResetPasswordRequestFormType).
Symfony\Component\DependencyInjection\Compiler\ResolveChildDefinitionsPass: Resolving inheritance for ".instanceof.Symfony\Component\Form\FormTypeInterface.0.App\Form\StockType" (parent: .abstract.instanceof.App\Form\StockType).
Symfony\Component\DependencyInjection\Compiler\ResolveChildDefinitionsPass: Resolving inheritance for "App\Form\StockType" (parent: .instanceof.Symfony\Component\Form\FormTypeInterface.0.App\Form\StockType).
Symfony\Component\DependencyInjection\Compiler\ResolveChildDefinitionsPass: Resolving inheritance for ".instanceof.Doctrine\Bundle\DoctrineBundle\Repository\ServiceEntityRepositoryInterface.0.App\Repository\CandidatRepository" (parent: .abstract.instanceof.App\Repository\CandidatRepository).
Symfony\Component\DependencyInjection\Compiler\ResolveChildDefinitionsPass: Resolving inheritance for "App\Repository\CandidatRepository" (parent: .instanceof.Doctrine\Bundle\DoctrineBundle\Repository\ServiceEntityRepositoryInterface.0.App\Repository\CandidatRepository).
Symfony\Component\DependencyInjection\Compiler\ResolveChildDefinitionsPass: Resolving inheritance for ".instanceof.Doctrine\Bundle\DoctrineBundle\Repository\ServiceEntityRepositoryInterface.0.App\Repository\CategorieRepository" (parent: .abstract.instanceof.App\Repository\CategorieRepository).
Symfony\Component\DependencyInjection\Compiler\ResolveChildDefinitionsPass: Resolving inheritance for "App\Repository\CategorieRepository" (parent: .instanceof.Doctrine\Bundle\DoctrineBundle\Repository\ServiceEntityRepositoryInterface.0.App\Repository\CategorieRepository).
Symfony\Component\DependencyInjection\Compiler\ResolveChildDefinitionsPass: Resolving inheritance for ".instanceof.Doctrine\Bundle\DoctrineBundle\Repository\ServiceEntityRepositoryInterface.0.App\Repository\CommandeRepository" (parent: .abstract.instanceof.App\Repository\CommandeRepository).
Symfony\Component\DependencyInjection\Compiler\ResolveChildDefinitionsPass: Resolving inheritance for "App\Repository\CommandeRepository" (parent: .instanceof.Doctrine\Bundle\DoctrineBundle\Repository\ServiceEntityRepositoryInterface.0.App\Repository\CommandeRepository).
Symfony\Component\DependencyInjection\Compiler\ResolveChildDefinitionsPass: Resolving inheritance for ".instanceof.Doctrine\Bundle\DoctrineBundle\Repository\ServiceEntityRepositoryInterface.0.App\Repository\ContractRepository" (parent: .abstract.instanceof.App\Repository\ContractRepository).
Symfony\Component\DependencyInjection\Compiler\ResolveChildDefinitionsPass: Resolving inheritance for "App\Repository\ContractRepository" (parent: .instanceof.Doctrine\Bundle\DoctrineBundle\Repository\ServiceEntityRepositoryInterface.0.App\Repository\ContractRepository).
Symfony\Component\DependencyInjection\Compiler\ResolveChildDefinitionsPass: Resolving inheritance for ".instanceof.Doctrine\Bundle\DoctrineBundle\Repository\ServiceEntityRepositoryInterface.0.App\Repository\ContratRepository" (parent: .abstract.instanceof.App\Repository\ContratRepository).
Symfony\Component\DependencyInjection\Compiler\ResolveChildDefinitionsPass: Resolving inheritance for "App\Repository\ContratRepository" (parent: .instanceof.Doctrine\Bundle\DoctrineBundle\Repository\ServiceEntityRepositoryInterface.0.App\Repository\ContratRepository).
Symfony\Component\DependencyInjection\Compiler\ResolveChildDefinitionsPass: Resolving inheritance for ".instanceof.Doctrine\Bundle\DoctrineBundle\Repository\ServiceEntityRepositoryInterface.0.App\Repository\EmployeRepository" (parent: .abstract.instanceof.App\Repository\EmployeRepository).
Symfony\Component\DependencyInjection\Compiler\ResolveChildDefinitionsPass: Resolving inheritance for "App\Repository\EmployeRepository" (parent: .instanceof.Doctrine\Bundle\DoctrineBundle\Repository\ServiceEntityRepositoryInterface.0.App\Repository\EmployeRepository).
Symfony\Component\DependencyInjection\Compiler\ResolveChildDefinitionsPass: Resolving inheritance for ".instanceof.Doctrine\Bundle\DoctrineBundle\Repository\ServiceEntityRepositoryInterface.0.App\Repository\LandPropertiesRepository" (parent: .abstract.instanceof.App\Repository\LandPropertiesRepository).
Symfony\Component\DependencyInjection\Compiler\ResolveChildDefinitionsPass: Resolving inheritance for "App\Repository\LandPropertiesRepository" (parent: .instanceof.Doctrine\Bundle\DoctrineBundle\Repository\ServiceEntityRepositoryInterface.0.App\Repository\LandPropertiesRepository).
Symfony\Component\DependencyInjection\Compiler\ResolveChildDefinitionsPass: Resolving inheritance for ".instanceof.Doctrine\Bundle\DoctrineBundle\Repository\ServiceEntityRepositoryInterface.0.App\Repository\LivraisonRepository" (parent: .abstract.instanceof.App\Repository\LivraisonRepository).
Symfony\Component\DependencyInjection\Compiler\ResolveChildDefinitionsPass: Resolving inheritance for "App\Repository\LivraisonRepository" (parent: .instanceof.Doctrine\Bundle\DoctrineBundle\Repository\ServiceEntityRepositoryInterface.0.App\Repository\LivraisonRepository).
Symfony\Component\DependencyInjection\Compiler\ResolveChildDefinitionsPass: Resolving inheritance for ".instanceof.Doctrine\Bundle\DoctrineBundle\Repository\ServiceEntityRepositoryInterface.0.App\Repository\MateriellocationRepository" (parent: .abstract.instanceof.App\Repository\MateriellocationRepository).
Symfony\Component\DependencyInjection\Compiler\ResolveChildDefinitionsPass: Resolving inheritance for "App\Repository\MateriellocationRepository" (parent: .instanceof.Doctrine\Bundle\DoctrineBundle\Repository\ServiceEntityRepositoryInterface.0.App\Repository\MateriellocationRepository).
Symfony\Component\DependencyInjection\Compiler\ResolveChildDefinitionsPass: Resolving inheritance for ".instanceof.Doctrine\Bundle\DoctrineBundle\Repository\ServiceEntityRepositoryInterface.0.App\Repository\MaterielventeRepository" (parent: .abstract.instanceof.App\Repository\MaterielventeRepository).
Symfony\Component\DependencyInjection\Compiler\ResolveChildDefinitionsPass: Resolving inheritance for "App\Repository\MaterielventeRepository" (parent: .instanceof.Doctrine\Bundle\DoctrineBundle\Repository\ServiceEntityRepositoryInterface.0.App\Repository\MaterielventeRepository).
Symfony\Component\DependencyInjection\Compiler\ResolveChildDefinitionsPass: Resolving inheritance for ".instanceof.Doctrine\Bundle\DoctrineBundle\Repository\ServiceEntityRepositoryInterface.0.App\Repository\OffreRepository" (parent: .abstract.instanceof.App\Repository\OffreRepository).
Symfony\Component\DependencyInjection\Compiler\ResolveChildDefinitionsPass: Resolving inheritance for "App\Repository\OffreRepository" (parent: .instanceof.Doctrine\Bundle\DoctrineBundle\Repository\ServiceEntityRepositoryInterface.0.App\Repository\OffreRepository).
Symfony\Component\DependencyInjection\Compiler\ResolveChildDefinitionsPass: Resolving inheritance for ".instanceof.Doctrine\Bundle\DoctrineBundle\Repository\ServiceEntityRepositoryInterface.0.App\Repository\OrderItemRepository" (parent: .abstract.instanceof.App\Repository\OrderItemRepository).
Symfony\Component\DependencyInjection\Compiler\ResolveChildDefinitionsPass: Resolving inheritance for "App\Repository\OrderItemRepository" (parent: .instanceof.Doctrine\Bundle\DoctrineBundle\Repository\ServiceEntityRepositoryInterface.0.App\Repository\OrderItemRepository).
Symfony\Component\DependencyInjection\Compiler\ResolveChildDefinitionsPass: Resolving inheritance for ".instanceof.Doctrine\Bundle\DoctrineBundle\Repository\ServiceEntityRepositoryInterface.0.App\Repository\OrderRepository" (parent: .abstract.instanceof.App\Repository\OrderRepository).
Symfony\Component\DependencyInjection\Compiler\ResolveChildDefinitionsPass: Resolving inheritance for "App\Repository\OrderRepository" (parent: .instanceof.Doctrine\Bundle\DoctrineBundle\Repository\ServiceEntityRepositoryInterface.0.App\Repository\OrderRepository).
Symfony\Component\DependencyInjection\Compiler\ResolveChildDefinitionsPass: Resolving inheritance for ".instanceof.Doctrine\Bundle\DoctrineBundle\Repository\ServiceEntityRepositoryInterface.0.App\Repository\PaiementRepository" (parent: .abstract.instanceof.App\Repository\PaiementRepository).
Symfony\Component\DependencyInjection\Compiler\ResolveChildDefinitionsPass: Resolving inheritance for "App\Repository\PaiementRepository" (parent: .instanceof.Doctrine\Bundle\DoctrineBundle\Repository\ServiceEntityRepositoryInterface.0.App\Repository\PaiementRepository).
Symfony\Component\DependencyInjection\Compiler\ResolveChildDefinitionsPass: Resolving inheritance for ".instanceof.Doctrine\Bundle\DoctrineBundle\Repository\ServiceEntityRepositoryInterface.0.App\Repository\ParcelleProprietesRepository" (parent: .abstract.instanceof.App\Repository\ParcelleProprietesRepository).
Symfony\Component\DependencyInjection\Compiler\ResolveChildDefinitionsPass: Resolving inheritance for "App\Repository\ParcelleProprietesRepository" (parent: .instanceof.Doctrine\Bundle\DoctrineBundle\Repository\ServiceEntityRepositoryInterface.0.App\Repository\ParcelleProprietesRepository).
Symfony\Component\DependencyInjection\Compiler\ResolveChildDefinitionsPass: Resolving inheritance for ".instanceof.Doctrine\Bundle\DoctrineBundle\Repository\ServiceEntityRepositoryInterface.0.App\Repository\ProductRepository" (parent: .abstract.instanceof.App\Repository\ProductRepository).
Symfony\Component\DependencyInjection\Compiler\ResolveChildDefinitionsPass: Resolving inheritance for "App\Repository\ProductRepository" (parent: .instanceof.Doctrine\Bundle\DoctrineBundle\Repository\ServiceEntityRepositoryInterface.0.App\Repository\ProductRepository).
Symfony\Component\DependencyInjection\Compiler\ResolveChildDefinitionsPass: Resolving inheritance for ".instanceof.Doctrine\Bundle\DoctrineBundle\Repository\ServiceEntityRepositoryInterface.0.App\Repository\ProductTypeRepository" (parent: .abstract.instanceof.App\Repository\ProductTypeRepository).
Symfony\Component\DependencyInjection\Compiler\ResolveChildDefinitionsPass: Resolving inheritance for "App\Repository\ProductTypeRepository" (parent: .instanceof.Doctrine\Bundle\DoctrineBundle\Repository\ServiceEntityRepositoryInterface.0.App\Repository\ProductTypeRepository).
Symfony\Component\DependencyInjection\Compiler\ResolveChildDefinitionsPass: Resolving inheritance for ".instanceof.Doctrine\Bundle\DoctrineBundle\Repository\ServiceEntityRepositoryInterface.0.App\Repository\ResetPasswordRequestRepository" (parent: .abstract.instanceof.App\Repository\ResetPasswordRequestRepository).
Symfony\Component\DependencyInjection\Compiler\ResolveChildDefinitionsPass: Resolving inheritance for "App\Repository\ResetPasswordRequestRepository" (parent: .instanceof.Doctrine\Bundle\DoctrineBundle\Repository\ServiceEntityRepositoryInterface.0.App\Repository\ResetPasswordRequestRepository).
Symfony\Component\DependencyInjection\Compiler\ResolveChildDefinitionsPass: Resolving inheritance for ".instanceof.Doctrine\Bundle\DoctrineBundle\Repository\ServiceEntityRepositoryInterface.0.App\Repository\StockRepository" (parent: .abstract.instanceof.App\Repository\StockRepository).
Symfony\Component\DependencyInjection\Compiler\ResolveChildDefinitionsPass: Resolving inheritance for "App\Repository\StockRepository" (parent: .instanceof.Doctrine\Bundle\DoctrineBundle\Repository\ServiceEntityRepositoryInterface.0.App\Repository\StockRepository).
Symfony\Component\DependencyInjection\Compiler\ResolveChildDefinitionsPass: Resolving inheritance for ".instanceof.Doctrine\Bundle\DoctrineBundle\Repository\ServiceEntityRepositoryInterface.0.App\Repository\UserRepository" (parent: .abstract.instanceof.App\Repository\UserRepository).
Symfony\Component\DependencyInjection\Compiler\ResolveChildDefinitionsPass: Resolving inheritance for "App\Repository\UserRepository" (parent: .instanceof.Doctrine\Bundle\DoctrineBundle\Repository\ServiceEntityRepositoryInterface.0.App\Repository\UserRepository).
Symfony\Component\DependencyInjection\Compiler\ResolveChildDefinitionsPass: Resolving inheritance for "cache.app" (parent: cache.adapter.filesystem).
Symfony\Component\DependencyInjection\Compiler\ResolveChildDefinitionsPass: Resolving inheritance for "cache.system" (parent: cache.adapter.system).
Symfony\Component\DependencyInjection\Compiler\ResolveChildDefinitionsPass: Resolving inheritance for "cache.validator" (parent: cache.system).
Symfony\Component\DependencyInjection\Compiler\ResolveChildDefinitionsPass: Resolving inheritance for "cache.serializer" (parent: cache.system).
Symfony\Component\DependencyInjection\Compiler\ResolveChildDefinitionsPass: Resolving inheritance for "cache.annotations" (parent: cache.system).
Symfony\Component\DependencyInjection\Compiler\ResolveChildDefinitionsPass: Resolving inheritance for "cache.property_info" (parent: cache.system).
Symfony\Component\DependencyInjection\Compiler\ResolveChildDefinitionsPass: Resolving inheritance for "cache.asset_mapper" (parent: cache.system).
Symfony\Component\DependencyInjection\Compiler\ResolveChildDefinitionsPass: Resolving inheritance for "cache.messenger.restart_workers_signal" (parent: cache.app).
Symfony\Component\DependencyInjection\Compiler\ResolveChildDefinitionsPass: Resolving inheritance for "cache.system_clearer" (parent: cache.default_clearer).
Symfony\Component\DependencyInjection\Compiler\ResolveChildDefinitionsPass: Resolving inheritance for "cache.global_clearer" (parent: cache.default_clearer).
Symfony\Component\DependencyInjection\Compiler\ResolveChildDefinitionsPass: Resolving inheritance for "assets._default_package" (parent: assets.path_package).
Symfony\Component\DependencyInjection\Compiler\ResolveChildDefinitionsPass: Resolving inheritance for "mailer.transport_factory.null" (parent: mailer.transport_factory.abstract).
Symfony\Component\DependencyInjection\Compiler\ResolveChildDefinitionsPass: Resolving inheritance for "mailer.transport_factory.sendmail" (parent: mailer.transport_factory.abstract).
Symfony\Component\DependencyInjection\Compiler\ResolveChildDefinitionsPass: Resolving inheritance for "mailer.transport_factory.smtp" (parent: mailer.transport_factory.abstract).
Symfony\Component\DependencyInjection\Compiler\ResolveChildDefinitionsPass: Resolving inheritance for "mailer.transport_factory.native" (parent: mailer.transport_factory.abstract).
Symfony\Component\DependencyInjection\Compiler\ResolveChildDefinitionsPass: Resolving inheritance for "secrets.decryption_key" (parent: container.env).
Symfony\Component\DependencyInjection\Compiler\ResolveChildDefinitionsPass: Resolving inheritance for "cache.validator_expression_language" (parent: cache.system).
Symfony\Component\DependencyInjection\Compiler\ResolveChildDefinitionsPass: Resolving inheritance for "messenger.retry.multiplier_retry_strategy.async" (parent: messenger.retry.abstract_multiplier_retry_strategy).
Symfony\Component\DependencyInjection\Compiler\ResolveChildDefinitionsPass: Resolving inheritance for "messenger.retry.multiplier_retry_strategy.failed" (parent: messenger.retry.abstract_multiplier_retry_strategy).
Symfony\Component\DependencyInjection\Compiler\ResolveChildDefinitionsPass: Resolving inheritance for "notifier.transport_factory.null" (parent: notifier.transport_factory.abstract).
Symfony\Component\DependencyInjection\Compiler\ResolveChildDefinitionsPass: Resolving inheritance for "doctrine.dbal.default_connection.configuration" (parent: doctrine.dbal.connection.configuration).
Symfony\Component\DependencyInjection\Compiler\ResolveChildDefinitionsPass: Resolving inheritance for "doctrine.dbal.default_connection.event_manager" (parent: doctrine.dbal.connection.event_manager).
Symfony\Component\DependencyInjection\Compiler\ResolveChildDefinitionsPass: Resolving inheritance for "doctrine.dbal.default_connection" (parent: doctrine.dbal.connection).
Symfony\Component\DependencyInjection\Compiler\ResolveChildDefinitionsPass: Resolving inheritance for "doctrine.orm.default_configuration" (parent: doctrine.orm.configuration).
Symfony\Component\DependencyInjection\Compiler\ResolveChildDefinitionsPass: Resolving inheritance for "doctrine.orm.default_manager_configurator" (parent: doctrine.orm.manager_configurator.abstract).
Symfony\Component\DependencyInjection\Compiler\ResolveChildDefinitionsPass: Resolving inheritance for "doctrine.orm.default_entity_manager" (parent: doctrine.orm.entity_manager.abstract).
Symfony\Component\DependencyInjection\Compiler\ResolveChildDefinitionsPass: Resolving inheritance for "cache.security_expression_language" (parent: cache.system).
Symfony\Component\DependencyInjection\Compiler\ResolveChildDefinitionsPass: Resolving inheritance for "cache.security_is_granted_attribute_expression_language" (parent: cache.system).
Symfony\Component\DependencyInjection\Compiler\ResolveChildDefinitionsPass: Resolving inheritance for "security.access_token_handler.oidc.signature.ES256" (parent: security.access_token_handler.oidc.signature).
Symfony\Component\DependencyInjection\Compiler\ResolveChildDefinitionsPass: Resolving inheritance for "security.access_token_handler.oidc.signature.ES384" (parent: security.access_token_handler.oidc.signature).
Symfony\Component\DependencyInjection\Compiler\ResolveChildDefinitionsPass: Resolving inheritance for "security.access_token_handler.oidc.signature.ES512" (parent: security.access_token_handler.oidc.signature).
Symfony\Component\DependencyInjection\Compiler\ResolveChildDefinitionsPass: Resolving inheritance for "security.user.provider.concrete.app_user_provider" (parent: doctrine.orm.security.user.provider).
Symfony\Component\DependencyInjection\Compiler\ResolveChildDefinitionsPass: Resolving inheritance for "security.firewall.map.config.dev" (parent: security.firewall.config).
Symfony\Component\DependencyInjection\Compiler\ResolveChildDefinitionsPass: Resolving inheritance for "security.firewall.map.context.dev" (parent: security.firewall.context).
Symfony\Component\DependencyInjection\Compiler\ResolveChildDefinitionsPass: Resolving inheritance for "security.firewall.map.config.main" (parent: security.firewall.config).
Symfony\Component\DependencyInjection\Compiler\ResolveChildDefinitionsPass: Resolving inheritance for "security.listener.main.user_provider" (parent: security.listener.user_provider.abstract).
Symfony\Component\DependencyInjection\Compiler\ResolveChildDefinitionsPass: Resolving inheritance for "security.context_listener.0" (parent: security.context_listener).
Symfony\Component\DependencyInjection\Compiler\ResolveChildDefinitionsPass: Resolving inheritance for "security.listener.session.main" (parent: security.listener.session).
Symfony\Component\DependencyInjection\Compiler\ResolveChildDefinitionsPass: Resolving inheritance for "security.logout_listener.main" (parent: security.logout_listener).
Symfony\Component\DependencyInjection\Compiler\ResolveChildDefinitionsPass: Resolving inheritance for "security.logout.listener.default.main" (parent: security.logout.listener.default).
Symfony\Component\DependencyInjection\Compiler\ResolveChildDefinitionsPass: Resolving inheritance for "security.logout.listener.session.main" (parent: security.logout.listener.session).
Symfony\Component\DependencyInjection\Compiler\ResolveChildDefinitionsPass: Resolving inheritance for "security.authenticator.form_login.main" (parent: security.authenticator.form_login).
Symfony\Component\DependencyInjection\Compiler\ResolveChildDefinitionsPass: Resolving inheritance for "security.authentication.success_handler.main.form_login" (parent: security.authentication.success_handler).
Symfony\Component\DependencyInjection\Compiler\ResolveChildDefinitionsPass: Resolving inheritance for "security.authentication.failure_handler.main.form_login" (parent: security.authentication.failure_handler).
Symfony\Component\DependencyInjection\Compiler\ResolveChildDefinitionsPass: Resolving inheritance for "cache.security_token_verifier" (parent: cache.system).
Symfony\Component\DependencyInjection\Compiler\ResolveChildDefinitionsPass: Resolving inheritance for "security.authenticator.remember_me_signature_hasher.main" (parent: security.authenticator.remember_me_signature_hasher).
Symfony\Component\DependencyInjection\Compiler\ResolveChildDefinitionsPass: Resolving inheritance for "security.authenticator.remember_me_handler.main" (parent: security.authenticator.signature_remember_me_handler).
Symfony\Component\DependencyInjection\Compiler\ResolveChildDefinitionsPass: Resolving inheritance for "security.listener.check_remember_me_conditions.main" (parent: security.listener.check_remember_me_conditions).
Symfony\Component\DependencyInjection\Compiler\ResolveChildDefinitionsPass: Resolving inheritance for "security.listener.remember_me.main" (parent: security.listener.remember_me).
Symfony\Component\DependencyInjection\Compiler\ResolveChildDefinitionsPass: Resolving inheritance for "security.authenticator.remember_me.main" (parent: security.authenticator.remember_me).
Symfony\Component\DependencyInjection\Compiler\ResolveChildDefinitionsPass: Resolving inheritance for "security.authenticator.manager.main" (parent: security.authenticator.manager).
Symfony\Component\DependencyInjection\Compiler\ResolveChildDefinitionsPass: Resolving inheritance for "security.firewall.authenticator.main" (parent: security.firewall.authenticator).
Symfony\Component\DependencyInjection\Compiler\ResolveChildDefinitionsPass: Resolving inheritance for "security.listener.user_checker.main" (parent: security.listener.user_checker).
Symfony\Component\DependencyInjection\Compiler\ResolveChildDefinitionsPass: Resolving inheritance for "security.exception_listener.main" (parent: security.exception_listener).
Symfony\Component\DependencyInjection\Compiler\ResolveChildDefinitionsPass: Resolving inheritance for "security.firewall.map.context.main" (parent: security.firewall.context).
Symfony\Component\DependencyInjection\Compiler\ResolveChildDefinitionsPass: Resolving inheritance for "security.firewall.map.config.admin" (parent: security.firewall.config).
Symfony\Component\DependencyInjection\Compiler\ResolveChildDefinitionsPass: Resolving inheritance for "security.listener.admin.user_provider" (parent: security.listener.user_provider.abstract).
Symfony\Component\DependencyInjection\Compiler\ResolveChildDefinitionsPass: Resolving inheritance for "security.context_listener.1" (parent: security.context_listener).
Symfony\Component\DependencyInjection\Compiler\ResolveChildDefinitionsPass: Resolving inheritance for "security.listener.session.admin" (parent: security.listener.session).
Symfony\Component\DependencyInjection\Compiler\ResolveChildDefinitionsPass: Resolving inheritance for "security.logout_listener.admin" (parent: security.logout_listener).
Symfony\Component\DependencyInjection\Compiler\ResolveChildDefinitionsPass: Resolving inheritance for "security.logout.listener.default.admin" (parent: security.logout.listener.default).
Symfony\Component\DependencyInjection\Compiler\ResolveChildDefinitionsPass: Resolving inheritance for "security.logout.listener.session.admin" (parent: security.logout.listener.session).
Symfony\Component\DependencyInjection\Compiler\ResolveChildDefinitionsPass: Resolving inheritance for "security.authenticator.form_login.admin" (parent: security.authenticator.form_login).
Symfony\Component\DependencyInjection\Compiler\ResolveChildDefinitionsPass: Resolving inheritance for "security.authentication.success_handler.admin.form_login" (parent: security.authentication.success_handler).
Symfony\Component\DependencyInjection\Compiler\ResolveChildDefinitionsPass: Resolving inheritance for "security.authentication.failure_handler.admin.form_login" (parent: security.authentication.failure_handler).
Symfony\Component\DependencyInjection\Compiler\ResolveChildDefinitionsPass: Resolving inheritance for "security.authenticator.remember_me_signature_hasher.admin" (parent: security.authenticator.remember_me_signature_hasher).
Symfony\Component\DependencyInjection\Compiler\ResolveChildDefinitionsPass: Resolving inheritance for "security.authenticator.remember_me_handler.admin" (parent: security.authenticator.signature_remember_me_handler).
Symfony\Component\DependencyInjection\Compiler\ResolveChildDefinitionsPass: Resolving inheritance for "security.listener.check_remember_me_conditions.admin" (parent: security.listener.check_remember_me_conditions).
Symfony\Component\DependencyInjection\Compiler\ResolveChildDefinitionsPass: Resolving inheritance for "security.listener.remember_me.admin" (parent: security.listener.remember_me).
Symfony\Component\DependencyInjection\Compiler\ResolveChildDefinitionsPass: Resolving inheritance for "security.authenticator.remember_me.admin" (parent: security.authenticator.remember_me).
Symfony\Component\DependencyInjection\Compiler\ResolveChildDefinitionsPass: Resolving inheritance for "security.authenticator.manager.admin" (parent: security.authenticator.manager).
Symfony\Component\DependencyInjection\Compiler\ResolveChildDefinitionsPass: Resolving inheritance for "security.firewall.authenticator.admin" (parent: security.firewall.authenticator).
Symfony\Component\DependencyInjection\Compiler\ResolveChildDefinitionsPass: Resolving inheritance for "security.listener.user_checker.admin" (parent: security.listener.user_checker).
Symfony\Component\DependencyInjection\Compiler\ResolveChildDefinitionsPass: Resolving inheritance for "security.exception_listener.admin" (parent: security.exception_listener).
Symfony\Component\DependencyInjection\Compiler\ResolveChildDefinitionsPass: Resolving inheritance for "security.firewall.map.context.admin" (parent: security.firewall.context).
Symfony\Component\DependencyInjection\Compiler\ResolveChildDefinitionsPass: Resolving inheritance for "monolog.logger" (parent: monolog.logger_prototype).
Symfony\Component\DependencyInjection\Compiler\ResolveChildDefinitionsPass: Resolving inheritance for ".instanceof.Symfony\Contracts\Service\ServiceSubscriberInterface.0.Lexik\Bundle\TranslationBundle\Controller\RestController" (parent: .abstract.instanceof.Lexik\Bundle\TranslationBundle\Controller\RestController).
Symfony\Component\DependencyInjection\Compiler\ResolveChildDefinitionsPass: Resolving inheritance for ".instanceof.Symfony\Bundle\FrameworkBundle\Controller\AbstractController.0.Lexik\Bundle\TranslationBundle\Controller\RestController" (parent: .instanceof.Symfony\Contracts\Service\ServiceSubscriberInterface.0.Lexik\Bundle\TranslationBundle\Controller\RestController).
Symfony\Component\DependencyInjection\Compiler\ResolveChildDefinitionsPass: Resolving inheritance for "Lexik\Bundle\TranslationBundle\Controller\RestController" (parent: .instanceof.Symfony\Bundle\FrameworkBundle\Controller\AbstractController.0.Lexik\Bundle\TranslationBundle\Controller\RestController).
Symfony\Component\DependencyInjection\Compiler\ResolveChildDefinitionsPass: Resolving inheritance for ".instanceof.Symfony\Contracts\Service\ServiceSubscriberInterface.0.Lexik\Bundle\TranslationBundle\Controller\TranslationController" (parent: .abstract.instanceof.Lexik\Bundle\TranslationBundle\Controller\TranslationController).
Symfony\Component\DependencyInjection\Compiler\ResolveChildDefinitionsPass: Resolving inheritance for ".instanceof.Symfony\Bundle\FrameworkBundle\Controller\AbstractController.0.Lexik\Bundle\TranslationBundle\Controller\TranslationController" (parent: .instanceof.Symfony\Contracts\Service\ServiceSubscriberInterface.0.Lexik\Bundle\TranslationBundle\Controller\TranslationController).
Symfony\Component\DependencyInjection\Compiler\ResolveChildDefinitionsPass: Resolving inheritance for "Lexik\Bundle\TranslationBundle\Controller\TranslationController" (parent: .instanceof.Symfony\Bundle\FrameworkBundle\Controller\AbstractController.0.Lexik\Bundle\TranslationBundle\Controller\TranslationController).
Symfony\Component\DependencyInjection\Compiler\ResolveChildDefinitionsPass: Resolving inheritance for "Vich\UploaderBundle\Naming\SmartUniqueNamer.materiel_images" (parent: Vich\UploaderBundle\Naming\SmartUniqueNamer).
Symfony\Component\DependencyInjection\Compiler\ResolveChildDefinitionsPass: Resolving inheritance for "vich_uploader.listener.inject.orm" (parent: vich_uploader.listener.doctrine.base).
Symfony\Component\DependencyInjection\Compiler\ResolveChildDefinitionsPass: Resolving inheritance for "vich_uploader.listener.upload.orm" (parent: vich_uploader.listener.doctrine.base).
Symfony\Component\DependencyInjection\Compiler\ResolveChildDefinitionsPass: Resolving inheritance for "vich_uploader.listener.clean.orm" (parent: vich_uploader.listener.doctrine.base).
Symfony\Component\DependencyInjection\Compiler\ResolveChildDefinitionsPass: Resolving inheritance for "vich_uploader.listener.remove.orm" (parent: vich_uploader.listener.doctrine.base).
Symfony\Component\DependencyInjection\Compiler\ResolveChildDefinitionsPass: Resolving inheritance for "vich_uploader.listener.inject.mongodb" (parent: vich_uploader.listener.inject.orm).
Symfony\Component\DependencyInjection\Compiler\ResolveChildDefinitionsPass: Resolving inheritance for "vich_uploader.listener.upload.mongodb" (parent: vich_uploader.listener.upload.orm).
Symfony\Component\DependencyInjection\Compiler\ResolveChildDefinitionsPass: Resolving inheritance for "vich_uploader.listener.clean.mongodb" (parent: vich_uploader.listener.clean.orm).
Symfony\Component\DependencyInjection\Compiler\ResolveChildDefinitionsPass: Resolving inheritance for "vich_uploader.listener.remove.mongodb" (parent: vich_uploader.listener.remove.orm).
Symfony\Component\DependencyInjection\Compiler\ResolveChildDefinitionsPass: Resolving inheritance for "vich_uploader.listener.inject.phpcr" (parent: vich_uploader.listener.inject.orm).
Symfony\Component\DependencyInjection\Compiler\ResolveChildDefinitionsPass: Resolving inheritance for "vich_uploader.listener.upload.phpcr" (parent: vich_uploader.listener.upload.orm).
Symfony\Component\DependencyInjection\Compiler\ResolveChildDefinitionsPass: Resolving inheritance for "vich_uploader.listener.clean.phpcr" (parent: vich_uploader.listener.clean.orm).
Symfony\Component\DependencyInjection\Compiler\ResolveChildDefinitionsPass: Resolving inheritance for "vich_uploader.listener.remove.phpcr" (parent: vich_uploader.listener.remove.orm).
Symfony\Component\DependencyInjection\Compiler\ResolveChildDefinitionsPass: Resolving inheritance for "vich_uploader.listener.clean.materiel_images" (parent: vich_uploader.listener.clean.orm).
Symfony\Component\DependencyInjection\Compiler\ResolveChildDefinitionsPass: Resolving inheritance for "vich_uploader.listener.remove.materiel_images" (parent: vich_uploader.listener.remove.orm).
Symfony\Component\DependencyInjection\Compiler\ResolveChildDefinitionsPass: Resolving inheritance for "vich_uploader.listener.upload.materiel_images" (parent: vich_uploader.listener.upload.orm).
Symfony\Component\DependencyInjection\Compiler\ResolveChildDefinitionsPass: Resolving inheritance for "liip_imagine.cache.resolver.default" (parent: liip_imagine.cache.resolver.prototype.web_path).
Symfony\Component\DependencyInjection\Compiler\ResolveChildDefinitionsPass: Resolving inheritance for "liip_imagine.binary.loader.default" (parent: liip_imagine.binary.loader.prototype.filesystem).
Symfony\Component\DependencyInjection\Compiler\ResolveChildDefinitionsPass: Resolving inheritance for "liip_imagine.binary.loader.default" (parent: liip_imagine.binary.locator.filesystem).
Symfony\Component\DependencyInjection\Compiler\ResolveChildDefinitionsPass: Resolving inheritance for "maker.auto_command.make_auth" (parent: maker.auto_command.abstract).
Symfony\Component\DependencyInjection\Compiler\ResolveChildDefinitionsPass: Resolving inheritance for "maker.auto_command.make_command" (parent: maker.auto_command.abstract).
Symfony\Component\DependencyInjection\Compiler\ResolveChildDefinitionsPass: Resolving inheritance for "maker.auto_command.make_twig_component" (parent: maker.auto_command.abstract).
Symfony\Component\DependencyInjection\Compiler\ResolveChildDefinitionsPass: Resolving inheritance for "maker.auto_command.make_controller" (parent: maker.auto_command.abstract).
Symfony\Component\DependencyInjection\Compiler\ResolveChildDefinitionsPass: Resolving inheritance for "maker.auto_command.make_crud" (parent: maker.auto_command.abstract).
Symfony\Component\DependencyInjection\Compiler\ResolveChildDefinitionsPass: Resolving inheritance for "maker.auto_command.make_docker_database" (parent: maker.auto_command.abstract).
Symfony\Component\DependencyInjection\Compiler\ResolveChildDefinitionsPass: Resolving inheritance for "maker.auto_command.make_entity" (parent: maker.auto_command.abstract).
Symfony\Component\DependencyInjection\Compiler\ResolveChildDefinitionsPass: Resolving inheritance for "maker.auto_command.make_fixtures" (parent: maker.auto_command.abstract).
Symfony\Component\DependencyInjection\Compiler\ResolveChildDefinitionsPass: Resolving inheritance for "maker.auto_command.make_form" (parent: maker.auto_command.abstract).
Symfony\Component\DependencyInjection\Compiler\ResolveChildDefinitionsPass: Resolving inheritance for "maker.auto_command.make_listener" (parent: maker.auto_command.abstract).
Symfony\Component\DependencyInjection\Compiler\ResolveChildDefinitionsPass: Resolving inheritance for "maker.auto_command.make_message" (parent: maker.auto_command.abstract).
Symfony\Component\DependencyInjection\Compiler\ResolveChildDefinitionsPass: Resolving inheritance for "maker.auto_command.make_messenger_middleware" (parent: maker.auto_command.abstract).
Symfony\Component\DependencyInjection\Compiler\ResolveChildDefinitionsPass: Resolving inheritance for "maker.auto_command.make_registration_form" (parent: maker.auto_command.abstract).
Symfony\Component\DependencyInjection\Compiler\ResolveChildDefinitionsPass: Resolving inheritance for "maker.auto_command.make_reset_password" (parent: maker.auto_command.abstract).
Symfony\Component\DependencyInjection\Compiler\ResolveChildDefinitionsPass: Resolving inheritance for "maker.auto_command.make_schedule" (parent: maker.auto_command.abstract).
Symfony\Component\DependencyInjection\Compiler\ResolveChildDefinitionsPass: Resolving inheritance for "maker.auto_command.make_serializer_encoder" (parent: maker.auto_command.abstract).
Symfony\Component\DependencyInjection\Compiler\ResolveChildDefinitionsPass: Resolving inheritance for "maker.auto_command.make_serializer_normalizer" (parent: maker.auto_command.abstract).
Symfony\Component\DependencyInjection\Compiler\ResolveChildDefinitionsPass: Resolving inheritance for "maker.auto_command.make_twig_extension" (parent: maker.auto_command.abstract).
Symfony\Component\DependencyInjection\Compiler\ResolveChildDefinitionsPass: Resolving inheritance for "maker.auto_command.make_test" (parent: maker.auto_command.abstract).
Symfony\Component\DependencyInjection\Compiler\ResolveChildDefinitionsPass: Resolving inheritance for "maker.auto_command.make_validator" (parent: maker.auto_command.abstract).
Symfony\Component\DependencyInjection\Compiler\ResolveChildDefinitionsPass: Resolving inheritance for "maker.auto_command.make_voter" (parent: maker.auto_command.abstract).
Symfony\Component\DependencyInjection\Compiler\ResolveChildDefinitionsPass: Resolving inheritance for "maker.auto_command.make_user" (parent: maker.auto_command.abstract).
Symfony\Component\DependencyInjection\Compiler\ResolveChildDefinitionsPass: Resolving inheritance for "maker.auto_command.make_migration" (parent: maker.auto_command.abstract).
Symfony\Component\DependencyInjection\Compiler\ResolveChildDefinitionsPass: Resolving inheritance for "maker.auto_command.make_stimulus_controller" (parent: maker.auto_command.abstract).
Symfony\Component\DependencyInjection\Compiler\ResolveChildDefinitionsPass: Resolving inheritance for "maker.auto_command.make_security_form_login" (parent: maker.auto_command.abstract).
Symfony\Component\DependencyInjection\Compiler\ResolveChildDefinitionsPass: Resolving inheritance for "maker.auto_command.make_security_custom" (parent: maker.auto_command.abstract).
Symfony\Component\DependencyInjection\Compiler\ResolveChildDefinitionsPass: Resolving inheritance for "maker.auto_command.make_webhook" (parent: maker.auto_command.abstract).
Symfony\Component\DependencyInjection\Compiler\ResolveChildDefinitionsPass: Resolving inheritance for "messenger.bus.default.middleware.traceable" (parent: messenger.middleware.traceable).
Symfony\Component\DependencyInjection\Compiler\ResolveChildDefinitionsPass: Resolving inheritance for "messenger.bus.default.middleware.add_bus_name_stamp_middleware" (parent: messenger.middleware.add_bus_name_stamp_middleware).
Symfony\Component\DependencyInjection\Compiler\ResolveChildDefinitionsPass: Resolving inheritance for "messenger.bus.default.middleware.send_message" (parent: messenger.middleware.send_message).
Symfony\Component\DependencyInjection\Compiler\ResolveChildDefinitionsPass: Resolving inheritance for "messenger.bus.default.middleware.handle_message" (parent: messenger.middleware.handle_message).
Symfony\Component\DependencyInjection\Compiler\ResolveChildDefinitionsPass: Resolving inheritance for "doctrine.dbal.default_schema_asset_filter_manager" (parent: doctrine.dbal.schema_asset_filter_manager).
Symfony\Component\DependencyInjection\Compiler\ResolveChildDefinitionsPass: Resolving inheritance for "doctrine.dbal.logging_middleware.default" (parent: doctrine.dbal.logging_middleware).
Symfony\Component\DependencyInjection\Compiler\ResolveChildDefinitionsPass: Resolving inheritance for "doctrine.dbal.debug_middleware.default" (parent: doctrine.dbal.debug_middleware).
Symfony\Component\DependencyInjection\Compiler\ResolveChildDefinitionsPass: Resolving inheritance for "monolog.logger.request" (parent: monolog.logger_prototype).
Symfony\Component\DependencyInjection\Compiler\ResolveChildDefinitionsPass: Resolving inheritance for "monolog.logger.console" (parent: monolog.logger_prototype).
Symfony\Component\DependencyInjection\Compiler\ResolveChildDefinitionsPass: Resolving inheritance for "monolog.logger.messenger" (parent: monolog.logger_prototype).
Symfony\Component\DependencyInjection\Compiler\ResolveChildDefinitionsPass: Resolving inheritance for "monolog.logger.cache" (parent: monolog.logger_prototype).
Symfony\Component\DependencyInjection\Compiler\ResolveChildDefinitionsPass: Resolving inheritance for "monolog.logger.asset_mapper" (parent: monolog.logger_prototype).
Symfony\Component\DependencyInjection\Compiler\ResolveChildDefinitionsPass: Resolving inheritance for "monolog.logger.http_client" (parent: monolog.logger_prototype).
Symfony\Component\DependencyInjection\Compiler\ResolveChildDefinitionsPass: Resolving inheritance for "monolog.logger.mailer" (parent: monolog.logger_prototype).
Symfony\Component\DependencyInjection\Compiler\ResolveChildDefinitionsPass: Resolving inheritance for "monolog.logger.translation" (parent: monolog.logger_prototype).
Symfony\Component\DependencyInjection\Compiler\ResolveChildDefinitionsPass: Resolving inheritance for "monolog.logger.php" (parent: monolog.logger_prototype).
Symfony\Component\DependencyInjection\Compiler\ResolveChildDefinitionsPass: Resolving inheritance for "monolog.logger.event" (parent: monolog.logger_prototype).
Symfony\Component\DependencyInjection\Compiler\ResolveChildDefinitionsPass: Resolving inheritance for "monolog.logger.router" (parent: monolog.logger_prototype).
Symfony\Component\DependencyInjection\Compiler\ResolveChildDefinitionsPass: Resolving inheritance for "monolog.logger.profiler" (parent: monolog.logger_prototype).
Symfony\Component\DependencyInjection\Compiler\ResolveChildDefinitionsPass: Resolving inheritance for "monolog.logger.doctrine" (parent: monolog.logger_prototype).
Symfony\Component\DependencyInjection\Compiler\ResolveChildDefinitionsPass: Resolving inheritance for "monolog.logger.debug" (parent: monolog.logger_prototype).
Symfony\Component\DependencyInjection\Compiler\ResolveChildDefinitionsPass: Resolving inheritance for "monolog.logger.security" (parent: monolog.logger_prototype).
Symfony\Component\DependencyInjection\Compiler\ResolveChildDefinitionsPass: Resolving inheritance for "monolog.logger.snappy" (parent: monolog.logger_prototype).
Symfony\Component\DependencyInjection\Compiler\ResolveChildDefinitionsPass: Resolving inheritance for "monolog.logger.deprecation" (parent: monolog.logger_prototype).